[2025-08-13 15:30:18,651] root - INFO - Model Recommendation Config: ModelRecommendationConfig(model_path='artifacts/trained_model/model.pkl', word_dict='artifacts/serialized_objects/word_dict.pkl', category_dict='artifacts/serialized_objects/category_dict.pkl', subcategory_dict='artifacts/serialized_objects/subcategory_dict.pkl', uid2index='artifacts/serialized_objects/uid2index.pkl', top_k=10)
[2025-08-13 15:30:18,659] root - INFO - Model Trainer Config: ModelTrainerConfig(transformed_data_file_dir='artifacts/dataset/transformed_data/embedding.npy', trained_model_dir='artifacts/dataset/trained_model', trained_model_name='model.pkl', batch_size=128, num_filters=128, filter_sizes=[3, 4, 5], user_embed_dim=50, category_embed_dim=20, dropout=0.3, learning_rate=0.001, weight_decay='1e-5', scheduler_factor=0.5, scheduler_patience=3, patience_stop_criteria=5, num_epochs=20)
[2025-08-13 15:30:18,666] root - INFO - Data Transformation Config: DataTransformationConfig(clean_data_file_path='artifacts/dataset/clean_data/clean_data.csv', glove_url='https://huggingface.co/stanfordnlp/glove/resolve/main/glove.6B.zip', transformed_data_dir='artifacts/dataset/transformed_data', embedding_dim=100)
[2025-08-13 15:30:18,667] root - INFO - Data Validation Config: DataValidationConfig(clean_data_dir='artifacts/dataset/clean_data', news_tsv_file='artifacts/dataset/ingested_data/data/news_data.tsv', behaviours_tsv_file='artifacts/dataset/ingested_data/data/behaviours_data.tsv', serialized_objects_dir='artifacts/serialized_objects')
[2025-08-13 15:30:18,667] root - INFO - Data Ingestion Config: DataIngestionConfig(dataset_download_url='https://github.com/kanewyp/end2end-news-recommendation-system/raw/main/data.zip', raw_data_dir='artifacts/dataset/raw_data', ingested_data_dir='artifacts/dataset/ingested_data')
[2025-08-13 15:30:33,125] root - INFO - Model Recommendation Config: ModelRecommendationConfig(model_path='artifacts/trained_model/model.pkl', word_dict='artifacts/serialized_objects/word_dict.pkl', category_dict='artifacts/serialized_objects/category_dict.pkl', subcategory_dict='artifacts/serialized_objects/subcategory_dict.pkl', uid2index='artifacts/serialized_objects/uid2index.pkl', top_k=10)
[2025-08-13 15:30:33,130] root - INFO - Model Trainer Config: ModelTrainerConfig(transformed_data_file_dir='artifacts/dataset/transformed_data/embedding.npy', trained_model_dir='artifacts/dataset/trained_model', trained_model_name='model.pkl', batch_size=128, num_filters=128, filter_sizes=[3, 4, 5], user_embed_dim=50, category_embed_dim=20, dropout=0.3, learning_rate=0.001, weight_decay='1e-5', scheduler_factor=0.5, scheduler_patience=3, patience_stop_criteria=5, num_epochs=20)
[2025-08-13 15:30:33,132] root - INFO - Data Transformation Config: DataTransformationConfig(clean_data_file_path='artifacts/dataset/clean_data/clean_data.csv', glove_url='https://huggingface.co/stanfordnlp/glove/resolve/main/glove.6B.zip', transformed_data_dir='artifacts/dataset/transformed_data', embedding_dim=100)
[2025-08-13 15:30:33,132] root - INFO - Data Validation Config: DataValidationConfig(clean_data_dir='artifacts/dataset/clean_data', news_tsv_file='artifacts/dataset/ingested_data/data/news_data.tsv', behaviours_tsv_file='artifacts/dataset/ingested_data/data/behaviours_data.tsv', serialized_objects_dir='artifacts/serialized_objects')
[2025-08-13 15:30:33,132] root - INFO - Data Ingestion Config: DataIngestionConfig(dataset_download_url='https://github.com/kanewyp/end2end-news-recommendation-system/raw/main/data.zip', raw_data_dir='artifacts/dataset/raw_data', ingested_data_dir='artifacts/dataset/ingested_data')
[2025-08-13 15:30:34,549] root - INFO - Model Recommendation Config: ModelRecommendationConfig(model_path='artifacts/trained_model/model.pkl', word_dict='artifacts/serialized_objects/word_dict.pkl', category_dict='artifacts/serialized_objects/category_dict.pkl', subcategory_dict='artifacts/serialized_objects/subcategory_dict.pkl', uid2index='artifacts/serialized_objects/uid2index.pkl', top_k=10)
[2025-08-13 15:30:34,550] root - INFO - Model Trainer Config: ModelTrainerConfig(transformed_data_file_dir='artifacts/dataset/transformed_data/embedding.npy', trained_model_dir='artifacts/dataset/trained_model', trained_model_name='model.pkl', batch_size=128, num_filters=128, filter_sizes=[3, 4, 5], user_embed_dim=50, category_embed_dim=20, dropout=0.3, learning_rate=0.001, weight_decay='1e-5', scheduler_factor=0.5, scheduler_patience=3, patience_stop_criteria=5, num_epochs=20)
[2025-08-13 15:30:34,553] root - INFO - Data Transformation Config: DataTransformationConfig(clean_data_file_path='artifacts/dataset/clean_data/clean_data.csv', glove_url='https://huggingface.co/stanfordnlp/glove/resolve/main/glove.6B.zip', transformed_data_dir='artifacts/dataset/transformed_data', embedding_dim=100)
[2025-08-13 15:30:34,554] root - INFO - Data Validation Config: DataValidationConfig(clean_data_dir='artifacts/dataset/clean_data', news_tsv_file='artifacts/dataset/ingested_data/data/news_data.tsv', behaviours_tsv_file='artifacts/dataset/ingested_data/data/behaviours_data.tsv', serialized_objects_dir='artifacts/serialized_objects')
[2025-08-13 15:30:34,555] root - INFO - Data Ingestion Config: DataIngestionConfig(dataset_download_url='https://github.com/kanewyp/end2end-news-recommendation-system/raw/main/data.zip', raw_data_dir='artifacts/dataset/raw_data', ingested_data_dir='artifacts/dataset/ingested_data')
[2025-08-13 15:30:39,594] root - INFO - Loading model from artifacts/dataset/trained_model/model.pkl...
[2025-08-13 15:30:39,943] root - INFO - Total candidates: 7281. Processing in batches of size 128...
[2025-08-13 15:30:41,694] root - INFO -  1. Score: 0.8528 | sports > football_nfl
[2025-08-13 15:30:41,695] root - INFO -     News ID: N8987
[2025-08-13 15:30:41,695] root - INFO -     Title: Ravens' tight ends a three-headed weapon
[2025-08-13 15:30:41,696] root - INFO - --------------------------------------------------------------------------------
[2025-08-13 15:30:41,696] root - INFO -  2. Score: 0.8462 | sports > football_nfl
[2025-08-13 15:30:41,696] root - INFO -     News ID: N50021
[2025-08-13 15:30:41,696] root - INFO -     Title: Redskins reportedly will not pay Trent Williams remainder of 2019 salary
[2025-08-13 15:30:41,697] root - INFO - --------------------------------------------------------------------------------
[2025-08-13 15:30:41,697] root - INFO -  3. Score: 0.8338 | sports > football_nfl
[2025-08-13 15:30:41,697] root - INFO -     News ID: N31856
[2025-08-13 15:30:41,698] root - INFO -     Title: HealthPartners cutting 75 jobs on diminished Medicare revenue
[2025-08-13 15:30:41,698] root - INFO - --------------------------------------------------------------------------------
[2025-08-13 15:30:41,698] root - INFO -  4. Score: 0.8316 | sports > football_nfl
[2025-08-13 15:30:41,699] root - INFO -     News ID: N56431
[2025-08-13 15:30:41,699] root - INFO -     Title: Sam Darnold thinks 2-7 Jets still have shot at making playoffs
[2025-08-13 15:30:41,699] root - INFO - --------------------------------------------------------------------------------
[2025-08-13 15:30:41,700] root - INFO -  5. Score: 0.8316 | sports > football_nfl
[2025-08-13 15:30:41,700] root - INFO -     News ID: N36001
[2025-08-13 15:30:41,700] root - INFO -     Title: Sam Darnold thinks 2-7 Jets still have shot at making playoffs
[2025-08-13 15:30:41,700] root - INFO - --------------------------------------------------------------------------------
[2025-08-13 15:30:41,701] root - INFO -  6. Score: 0.8293 | sports > football_nfl
[2025-08-13 15:30:41,701] root - INFO -     News ID: N17661
[2025-08-13 15:30:41,701] root - INFO -     Title: It's time for Patriots' rookie RB Damien Harris to get his chance
[2025-08-13 15:30:41,701] root - INFO - --------------------------------------------------------------------------------
[2025-08-13 15:30:41,702] root - INFO -  7. Score: 0.8283 | sports > football_nfl
[2025-08-13 15:30:41,702] root - INFO -     News ID: N26647
[2025-08-13 15:30:41,703] root - INFO -     Title: Inside the Arizona Cardinals fan base during Week 10 loss to the Tampa Bay Buccaneers
[2025-08-13 15:30:41,703] root - INFO - --------------------------------------------------------------------------------
[2025-08-13 15:30:41,705] root - INFO -  8. Score: 0.8246 | sports > football_nfl
[2025-08-13 15:30:41,705] root - INFO -     News ID: N1628
[2025-08-13 15:30:41,705] root - INFO -     Title: Brandon Brooks, Eagles agree to multi-year contract extension
[2025-08-13 15:30:41,706] root - INFO - --------------------------------------------------------------------------------
[2025-08-13 15:30:41,706] root - INFO -  9. Score: 0.8236 | sports > football_nfl
[2025-08-13 15:30:41,706] root - INFO -     News ID: N36149
[2025-08-13 15:30:41,706] root - INFO -     Title: WATCH: Cardinals CB Byron Murphy get 1st career INT
[2025-08-13 15:30:41,707] root - INFO - --------------------------------------------------------------------------------
[2025-08-13 15:30:41,707] root - INFO - 10. Score: 0.8228 | sports > football_nfl
[2025-08-13 15:30:41,707] root - INFO -     News ID: N46004
[2025-08-13 15:30:41,707] root - INFO -     Title: NFL, Kaepernick camp at odds over whether list of workout attendees was promised
[2025-08-13 15:30:41,708] root - INFO - --------------------------------------------------------------------------------
[2025-08-13 15:31:07,766] root - INFO - Model Recommendation Config: ModelRecommendationConfig(model_path='artifacts/trained_model/model.pkl', word_dict='artifacts/serialized_objects/word_dict.pkl', category_dict='artifacts/serialized_objects/category_dict.pkl', subcategory_dict='artifacts/serialized_objects/subcategory_dict.pkl', uid2index='artifacts/serialized_objects/uid2index.pkl', top_k=10)
[2025-08-13 15:31:07,766] root - INFO - Model Trainer Config: ModelTrainerConfig(transformed_data_file_dir='artifacts/dataset/transformed_data/embedding.npy', trained_model_dir='artifacts/dataset/trained_model', trained_model_name='model.pkl', batch_size=128, num_filters=128, filter_sizes=[3, 4, 5], user_embed_dim=50, category_embed_dim=20, dropout=0.3, learning_rate=0.001, weight_decay='1e-5', scheduler_factor=0.5, scheduler_patience=3, patience_stop_criteria=5, num_epochs=20)
[2025-08-13 15:31:07,766] root - INFO - Data Transformation Config: DataTransformationConfig(clean_data_file_path='artifacts/dataset/clean_data/clean_data.csv', glove_url='https://huggingface.co/stanfordnlp/glove/resolve/main/glove.6B.zip', transformed_data_dir='artifacts/dataset/transformed_data', embedding_dim=100)
[2025-08-13 15:31:07,766] root - INFO - Data Validation Config: DataValidationConfig(clean_data_dir='artifacts/dataset/clean_data', news_tsv_file='artifacts/dataset/ingested_data/data/news_data.tsv', behaviours_tsv_file='artifacts/dataset/ingested_data/data/behaviours_data.tsv', serialized_objects_dir='artifacts/serialized_objects')
[2025-08-13 15:31:07,767] root - INFO - Data Ingestion Config: DataIngestionConfig(dataset_download_url='https://github.com/kanewyp/end2end-news-recommendation-system/raw/main/data.zip', raw_data_dir='artifacts/dataset/raw_data', ingested_data_dir='artifacts/dataset/ingested_data')
[2025-08-13 15:31:08,527] root - INFO - Model Recommendation Config: ModelRecommendationConfig(model_path='artifacts/trained_model/model.pkl', word_dict='artifacts/serialized_objects/word_dict.pkl', category_dict='artifacts/serialized_objects/category_dict.pkl', subcategory_dict='artifacts/serialized_objects/subcategory_dict.pkl', uid2index='artifacts/serialized_objects/uid2index.pkl', top_k=10)
[2025-08-13 15:31:08,532] root - INFO - Model Trainer Config: ModelTrainerConfig(transformed_data_file_dir='artifacts/dataset/transformed_data/embedding.npy', trained_model_dir='artifacts/dataset/trained_model', trained_model_name='model.pkl', batch_size=128, num_filters=128, filter_sizes=[3, 4, 5], user_embed_dim=50, category_embed_dim=20, dropout=0.3, learning_rate=0.001, weight_decay='1e-5', scheduler_factor=0.5, scheduler_patience=3, patience_stop_criteria=5, num_epochs=20)
[2025-08-13 15:31:08,532] root - INFO - Data Transformation Config: DataTransformationConfig(clean_data_file_path='artifacts/dataset/clean_data/clean_data.csv', glove_url='https://huggingface.co/stanfordnlp/glove/resolve/main/glove.6B.zip', transformed_data_dir='artifacts/dataset/transformed_data', embedding_dim=100)
[2025-08-13 15:31:08,532] root - INFO - Data Validation Config: DataValidationConfig(clean_data_dir='artifacts/dataset/clean_data', news_tsv_file='artifacts/dataset/ingested_data/data/news_data.tsv', behaviours_tsv_file='artifacts/dataset/ingested_data/data/behaviours_data.tsv', serialized_objects_dir='artifacts/serialized_objects')
[2025-08-13 15:31:08,532] root - INFO - Data Ingestion Config: DataIngestionConfig(dataset_download_url='https://github.com/kanewyp/end2end-news-recommendation-system/raw/main/data.zip', raw_data_dir='artifacts/dataset/raw_data', ingested_data_dir='artifacts/dataset/ingested_data')
[2025-08-13 15:31:14,418] root - INFO - Loading model from artifacts/dataset/trained_model/model.pkl...
[2025-08-13 15:31:14,789] root - INFO - Total candidates: 7281. Processing in batches of size 128...
[2025-08-13 15:31:16,496] root - INFO -  1. Score: 0.8408 | news > newscrime
[2025-08-13 15:31:16,496] root - INFO -     News ID: N11510
[2025-08-13 15:31:16,496] root - INFO -     Title: 17-year-old charged as adult in shooting death of Stillwater man, police say
[2025-08-13 15:31:16,497] root - INFO - --------------------------------------------------------------------------------
[2025-08-13 15:31:16,497] root - INFO -  2. Score: 0.8383 | lifestyle > lifestylevideo
[2025-08-13 15:31:16,497] root - INFO -     News ID: N15269
[2025-08-13 15:31:16,498] root - INFO -     Title: Queen Elizabeth Shows Rare Display of Emotion
[2025-08-13 15:31:16,498] root - INFO - --------------------------------------------------------------------------------
[2025-08-13 15:31:16,499] root - INFO -  3. Score: 0.8265 | travel > travelnews
[2025-08-13 15:31:16,499] root - INFO -     News ID: N23414
[2025-08-13 15:31:16,499] root - INFO -     Title: FAA threatened to ground 38 Southwest Airlines jets over maintenance concerns, report says
[2025-08-13 15:31:16,499] root - INFO - --------------------------------------------------------------------------------
[2025-08-13 15:31:16,500] root - INFO -  4. Score: 0.8205 | tv > tv-celebrity
[2025-08-13 15:31:16,500] root - INFO -     News ID: N48705
[2025-08-13 15:31:16,500] root - INFO -     Title: Lori Loughlin's 'Stress Is Only Mounting' Ahead of Pretrial Hearing
[2025-08-13 15:31:16,501] root - INFO - --------------------------------------------------------------------------------
[2025-08-13 15:31:16,501] root - INFO -  5. Score: 0.8055 | news > newsopinion
[2025-08-13 15:31:16,501] root - INFO -     News ID: N36330
[2025-08-13 15:31:16,501] root - INFO -     Title: Bloomberg run should push Warren to the center   but won't
[2025-08-13 15:31:16,502] root - INFO - --------------------------------------------------------------------------------
[2025-08-13 15:31:16,502] root - INFO -  6. Score: 0.8052 | lifestyle > lifestylebuzz
[2025-08-13 15:31:16,502] root - INFO -     News ID: N2960
[2025-08-13 15:31:16,504] root - INFO -     Title: Nine-year-old child genius to graduate from Dutch university
[2025-08-13 15:31:16,504] root - INFO - --------------------------------------------------------------------------------
[2025-08-13 15:31:16,505] root - INFO -  7. Score: 0.8008 | news > newsopinion
[2025-08-13 15:31:16,506] root - INFO -     News ID: N50773
[2025-08-13 15:31:16,507] root - INFO -     Title: New GOP Ukraine Defense: Trump Was Just a Patsy for Sondland
[2025-08-13 15:31:16,508] root - INFO - --------------------------------------------------------------------------------
[2025-08-13 15:31:16,508] root - INFO -  8. Score: 0.8000 | news > newscrime
[2025-08-13 15:31:16,508] root - INFO -     News ID: N6965
[2025-08-13 15:31:16,508] root - INFO -     Title: Man, dog found dead after fire in Upstate home, fire chief says
[2025-08-13 15:31:16,509] root - INFO - --------------------------------------------------------------------------------
[2025-08-13 15:31:16,509] root - INFO -  9. Score: 0.7940 | news > newscrime
[2025-08-13 15:31:16,509] root - INFO -     News ID: N49853
[2025-08-13 15:31:16,510] root - INFO -     Title: Man At Large After Allegedly Attempting To Run Down Officer After Calif. Pursuit
[2025-08-13 15:31:16,510] root - INFO - --------------------------------------------------------------------------------
[2025-08-13 15:31:16,510] root - INFO - 10. Score: 0.7922 | music > music-celebrity
[2025-08-13 15:31:16,510] root - INFO -     News ID: N55943
[2025-08-13 15:31:16,511] root - INFO -     Title: Wynonna Judd's Daughter, 23, Released from Prison 6 Years Early After Being Granted Parole
[2025-08-13 15:31:16,511] root - INFO - --------------------------------------------------------------------------------
[2025-08-13 15:31:45,037] root - INFO - Model Recommendation Config: ModelRecommendationConfig(model_path='artifacts/trained_model/model.pkl', word_dict='artifacts/serialized_objects/word_dict.pkl', category_dict='artifacts/serialized_objects/category_dict.pkl', subcategory_dict='artifacts/serialized_objects/subcategory_dict.pkl', uid2index='artifacts/serialized_objects/uid2index.pkl', top_k=10)
[2025-08-13 15:31:45,038] root - INFO - Model Trainer Config: ModelTrainerConfig(transformed_data_file_dir='artifacts/dataset/transformed_data/embedding.npy', trained_model_dir='artifacts/dataset/trained_model', trained_model_name='model.pkl', batch_size=128, num_filters=128, filter_sizes=[3, 4, 5], user_embed_dim=50, category_embed_dim=20, dropout=0.3, learning_rate=0.001, weight_decay='1e-5', scheduler_factor=0.5, scheduler_patience=3, patience_stop_criteria=5, num_epochs=20)
[2025-08-13 15:31:45,038] root - INFO - Data Transformation Config: DataTransformationConfig(clean_data_file_path='artifacts/dataset/clean_data/clean_data.csv', glove_url='https://huggingface.co/stanfordnlp/glove/resolve/main/glove.6B.zip', transformed_data_dir='artifacts/dataset/transformed_data', embedding_dim=100)
[2025-08-13 15:31:45,038] root - INFO - Data Validation Config: DataValidationConfig(clean_data_dir='artifacts/dataset/clean_data', news_tsv_file='artifacts/dataset/ingested_data/data/news_data.tsv', behaviours_tsv_file='artifacts/dataset/ingested_data/data/behaviours_data.tsv', serialized_objects_dir='artifacts/serialized_objects')
[2025-08-13 15:31:45,039] root - INFO - Data Ingestion Config: DataIngestionConfig(dataset_download_url='https://github.com/kanewyp/end2end-news-recommendation-system/raw/main/data.zip', raw_data_dir='artifacts/dataset/raw_data', ingested_data_dir='artifacts/dataset/ingested_data')
