[2025-08-13 00:37:14,975] numexpr.utils - INFO - Note: NumExpr detected 22 cores but "NUMEXPR_MAX_THREADS" not set, so enforcing safe limit of 8.
[2025-08-13 00:37:14,976] numexpr.utils - INFO - NumExpr defaulting to 8 threads.
[2025-08-13 00:37:15,196] root - INFO - ====================Data Ingestion log started.==================== 
[2025-08-13 00:37:15,196] root - INFO - Data Ingestion Config: DataIngestionConfig(dataset_download_url='https://github.com/kanewyp/end2end-news-recommendation-system/raw/main/data.zip', raw_data_dir='artifacts/dataset/raw_data', ingested_data_dir='artifacts/dataset/ingested_data')
[2025-08-13 00:37:15,196] root - INFO - Data Validation Config: DataValidationConfig(clean_data_dir='artifacts/dataset/clean_data', news_tsv_file='artifacts/dataset/ingested_data/data/news_data.tsv', behaviours_tsv_file='artifacts/dataset/ingested_data/data/behaviours_data.tsv', serialized_objects_dir='artifacts/serialized_objects')
[2025-08-13 00:37:15,196] root - INFO - Downloading data from https://github.com/kanewyp/end2end-news-recommendation-system/raw/main/data.zip into file artifacts/dataset/raw_data/data.zip
[2025-08-13 00:37:15,664] root - INFO - Downloaded data from https://github.com/kanewyp/end2end-news-recommendation-system/raw/main/data.zip into file artifacts/dataset/raw_data/data.zip
[2025-08-13 00:37:15,734] root - INFO - Extracting zip file: artifacts/dataset/raw_data/data.zip into dir: artifacts/dataset/ingested_data
[2025-08-13 00:37:15,734] root - INFO - ====================Data Ingestion log completed.==================== 


[2025-08-13 00:37:15,734] root - INFO - ====================Data Validation log started.==================== 
[2025-08-13 00:37:15,852] root - INFO -  Shape of news data file: (7281, 4)
[2025-08-13 00:37:15,853] root - INFO -  Shape of behaviours data file: (16606, 11)
[2025-08-13 00:37:15,879] root - INFO - lowercased and removed punctuation from Title and Abstract
[2025-08-13 00:37:15,954] root - INFO - removed stopwords from Title and Abstract
[2025-08-13 00:37:15,969] root - INFO - removed numbers from Title and Abstract
[2025-08-13 00:37:15,970] root - INFO - Created category mapping
[2025-08-13 00:37:15,970] root - INFO - Created subcategory mapping
[2025-08-13 00:37:16,011] root - INFO - Tokenized Title and Abstract
[2025-08-13 00:37:16,354] root - INFO - Created word dictionary with 23761 unique words
[2025-08-13 00:37:16,377] root - INFO - Created user id to index mapping with 1001 unique users
[2025-08-13 00:37:16,383] root - INFO - Saved serialized objects to artifacts/serialized_objects
[2025-08-13 00:37:16,383] root - INFO - Utils state: {'vert_num': 16, 'subvert_num': 190, 'word_num': 23761, 'uid2index': 1001}
[2025-08-13 00:37:16,549] root - INFO - Saved cleaned data to artifacts/dataset/clean_data
[2025-08-13 00:37:16,555] root - INFO - ====================Data Validation log completed.==================== 


